2025-01-12 10:45:30 info auth User login successful
2025-01-12 10:50:01 ERROR auth User authentication failed
2025-01-12 10:50:01 ERROR auth User authentication failed
2025-01-12 10:50:01 ERROR auth User authentication failed
2025-01-12 10:50:01 ERROR auth User authentication failed
2025-01-12 10:50:01 ERROR auth User authentication failed
2025-01-12 10:50:01 ERROR auth User authentication failed
2025-01-12 10:50:01 ERROR auth User authentication failed
2025-01-12 10:45:00 INFO System starting
2025-01-12 10:46:00 INFO Normal operation
2025-01-12 10:47:00 INFO Normal operation
2025-01-12 10:50:00 ERROR Connection lost
2025-01-12 10:50:05 ERROR Connection lost
2025-01-12 10:50:10 ERROR Connection lost
2025-01-12 10:50:15 ERROR Connection lost
2025-01-12 10:50:20 ERROR Connection lost
2025-01-12 10:50:25 ERROR Connection lost
2025-01-12 10:50:30 ERROR Connection lost
2025-01-12 10:51:00 INFO System recovered
2025-01-12 10:45:00 INFO System starting
2025-01-12 10:46:00 INFO Normal operation
2025-01-12 10:47:00 INFO Normal operation
2025-01-12 10:45:00 INFO System starting
2025-01-12 10:46:00 INFO Normal operation
2025-01-12 10:47:00 INFO Normal operation
2025-01-12 10:46:00 INFO Normal operation
2025-01-12 10:47:00 INFO Normal operation
2025-01-12 10:50:00 ERROR Connection lost
2025-01-12 10:50:05 ERROR Connection lost
2025-01-12 10:50:10 ERROR Connection lost
2025-01-12 10:50:15 ERROR Connection lost
2025-01-12 10:50:20 ERROR Connection lost
2025-01-12 10:50:25 ERROR Connection lost
2025-01-12 10:50:30 ERROR Connection lost2025-01-12 10:50:00 ERROR Connection lost
2025-01-12 10:50:05 ERROR Connection lost
2025-01-12 10:50:10 ERROR Connection lost
2025-01-12 10:50:15 ERROR Connection lost
2025-01-12 10:50:20 ERROR Connection lost
2025-01-12 10:50:25 ERROR Connection lost
2025-01-12 10:50:30 ERROR Connection lost